Determining if the pthread_create exist failed with the following output:
Change Dir: /home/workspace/L1_Project/build/CMakeFiles/CMakeTmp

Run Build Command:"/usr/bin/make" "cmTC_8e38c/fast"
/usr/bin/make -f CMakeFiles/cmTC_8e38c.dir/build.make CMakeFiles/cmTC_8e38c.dir/build
make[1]: Entering directory '/home/workspace/L1_Project/build/CMakeFiles/CMakeTmp'
Building C object CMakeFiles/cmTC_8e38c.dir/CheckSymbolExists.c.o
/usr/bin/cc    -o CMakeFiles/cmTC_8e38c.dir/CheckSymbolExists.c.o   -c /home/workspace/L1_Project/build/CMakeFiles/CMakeTmp/CheckSymbolExists.c
Linking C executable cmTC_8e38c
/usr/local/bin/cmake -E cmake_link_script CMakeFiles/cmTC_8e38c.dir/link.txt --verbose=1
/usr/bin/cc      CMakeFiles/cmTC_8e38c.dir/CheckSymbolExists.c.o  -o cmTC_8e38c 
CMakeFiles/cmTC_8e38c.dir/CheckSymbolExists.c.o: In function `main':
CheckSymbolExists.c:(.text+0x16): undefined reference to `pthread_create'
collect2: error: ld returned 1 exit status
CMakeFiles/cmTC_8e38c.dir/build.make:86: recipe for target 'cmTC_8e38c' failed
make[1]: *** [cmTC_8e38c] Error 1
make[1]: Leaving directory '/home/workspace/L1_Project/build/CMakeFiles/CMakeTmp'
Makefile:121: recipe for target 'cmTC_8e38c/fast' failed
make: *** [cmTC_8e38c/fast] Error 2

File /home/workspace/L1_Project/build/CMakeFiles/CMakeTmp/CheckSymbolExists.c:
/* */
#include <pthread.h>

int main(int argc, char** argv)
{
  (void)argv;
#ifndef pthread_create
  return ((int*)(&pthread_create))[argc];
#else
  (void)argc;
  return 0;
#endif
}

Determining if the function pthread_create exists in the pthreads failed with the following output:
Change Dir: /home/workspace/L1_Project/build/CMakeFiles/CMakeTmp

Run Build Command:"/usr/bin/make" "cmTC_47584/fast"
/usr/bin/make -f CMakeFiles/cmTC_47584.dir/build.make CMakeFiles/cmTC_47584.dir/build
make[1]: Entering directory '/home/workspace/L1_Project/build/CMakeFiles/CMakeTmp'
Building C object CMakeFiles/cmTC_47584.dir/CheckFunctionExists.c.o
/usr/bin/cc   -DCHECK_FUNCTION_EXISTS=pthread_create   -o CMakeFiles/cmTC_47584.dir/CheckFunctionExists.c.o   -c /usr/local/share/cmake-3.13/Modules/CheckFunctionExists.c
Linking C executable cmTC_47584
/usr/local/bin/cmake -E cmake_link_script CMakeFiles/cmTC_47584.dir/link.txt --verbose=1
/usr/bin/cc  -DCHECK_FUNCTION_EXISTS=pthread_create    CMakeFiles/cmTC_47584.dir/CheckFunctionExists.c.o  -o cmTC_47584 -lpthreads 
/usr/bin/ld: cannot find -lpthreads
collect2: error: ld returned 1 exit status
CMakeFiles/cmTC_47584.dir/build.make:86: recipe for target 'cmTC_47584' failed
make[1]: *** [cmTC_47584] Error 1
make[1]: Leaving directory '/home/workspace/L1_Project/build/CMakeFiles/CMakeTmp'
Makefile:121: recipe for target 'cmTC_47584/fast' failed
make: *** [cmTC_47584/fast] Error 2


